<?xml version="1.0" encoding="UTF-8"?>
<testng-results ignored="0" total="1" passed="1" failed="0" skipped="0">
  <reporter-output>
  </reporter-output>
  <suite started-at="2021-03-07T14:16:56 IST" name="Default suite" finished-at="2021-03-07T14:17:15 IST" duration-ms="19277">
    <groups>
    </groups>
    <test started-at="2021-03-07T14:16:56 IST" name="Default test" finished-at="2021-03-07T14:17:15 IST" duration-ms="19277">
      <class name="demo.Test1">
        <test-method is-config="true" signature="setUp()[pri:0, instance:demo.Test1@229d10bd]" started-at="2021-03-07T14:16:56 IST" name="setUp" finished-at="2021-03-07T14:17:01 IST" duration-ms="5780" status="PASS">
          <reporter-output>
          </reporter-output>
        </test-method> <!-- setUp -->
        <test-method signature="test1()[pri:0, instance:demo.Test1@229d10bd]" started-at="2021-03-07T14:17:01 IST" name="test1" finished-at="2021-03-07T14:17:14 IST" duration-ms="12248" status="PASS">
          <reporter-output>
          </reporter-output>
        </test-method> <!-- test1 -->
        <test-method is-config="true" signature="tearDown()[pri:0, instance:demo.Test1@229d10bd]" started-at="2021-03-07T14:17:14 IST" name="tearDown" finished-at="2021-03-07T14:17:15 IST" duration-ms="1150" status="PASS">
          <reporter-output>
          </reporter-output>
        </test-method> <!-- tearDown -->
      </class> <!-- demo.Test1 -->
    </test> <!-- Default test -->
  </suite> <!-- Default suite -->
</testng-results>
